2022-12-08 01:45:38,653 [Worker-5: Loading available Gradle versions] INFO  o.e.b.c.i.u.g.PublishedGradleVersions - Gradle version information cache is up-to-date. Trying to read.
2022-12-08 01:46:36,432 [Worker-11: Importing Maven projects] INFO  o.e.m.c.i.l.LifecycleMappingFactory - Using org.eclipse.m2e.jdt.JarLifecycleMapping lifecycle mapping for MavenProject: Examen2:Programacion:0.0.1-SNAPSHOT @ S:\Escritorio\Serj\DAW\DAW 1\Programacion\ProgramacionExamen2\pom.xml.
2022-12-08 01:46:37,563 [Worker-11: Importing Maven projects] INFO  o.e.m.j.i.AbstractJavaProjectConfigurator - Adding source folder /Programacion/src/main/java
2022-12-08 01:46:37,564 [Worker-11: Importing Maven projects] INFO  o.e.m.j.i.AbstractJavaProjectConfigurator - Adding source folder /Programacion/src/test/java
2022-12-08 01:46:37,645 [Worker-11: Importing Maven projects] INFO  o.e.m.c.i.p.ProjectConfigurationManager - Imported and configured 1 project(s) in 10 sec
2022-12-08 01:46:39,798 [Worker-6: Building] INFO  o.e.m.c.i.embedder.EclipseLogger - Using 'UTF-8' encoding to copy filtered resources.
2022-12-08 01:46:39,798 [Worker-6: Building] INFO  o.e.m.c.i.embedder.EclipseLogger - skip non existing resourceDirectory S:\Escritorio\Serj\DAW\DAW 1\Programacion\ProgramacionExamen2\src\main\resources
2022-12-08 01:46:39,811 [Worker-6: Building] INFO  o.e.m.c.i.embedder.EclipseLogger - Using 'UTF-8' encoding to copy filtered resources.
2022-12-08 01:46:39,811 [Worker-6: Building] INFO  o.e.m.c.i.embedder.EclipseLogger - skip non existing resourceDirectory S:\Escritorio\Serj\DAW\DAW 1\Programacion\ProgramacionExamen2\src\test\resources
2022-12-08 01:47:16,478 [Worker-11: Building] INFO  o.e.m.c.i.embedder.EclipseLogger - Using 'UTF-8' encoding to copy filtered resources.
2022-12-08 01:47:16,478 [Worker-11: Building] INFO  o.e.m.c.i.embedder.EclipseLogger - skip non existing resourceDirectory S:\Escritorio\Serj\DAW\DAW 1\Programacion\ProgramacionExamen2\src\main\resources
2022-12-08 01:47:16,480 [Worker-11: Building] INFO  o.e.m.c.i.embedder.EclipseLogger - Using 'UTF-8' encoding to copy filtered resources.
2022-12-08 01:47:16,481 [Worker-11: Building] INFO  o.e.m.c.i.embedder.EclipseLogger - skip non existing resourceDirectory S:\Escritorio\Serj\DAW\DAW 1\Programacion\ProgramacionExamen2\src\test\resources
2022-12-08 01:47:17,815 [Worker-6: Building] INFO  o.e.m.c.i.embedder.EclipseLogger - Using 'UTF-8' encoding to copy filtered resources.
2022-12-08 01:47:17,815 [Worker-6: Building] INFO  o.e.m.c.i.embedder.EclipseLogger - skip non existing resourceDirectory S:\Escritorio\Serj\DAW\DAW 1\Programacion\ProgramacionExamen2\src\main\resources
2022-12-08 01:47:17,817 [Worker-6: Building] INFO  o.e.m.c.i.embedder.EclipseLogger - Using 'UTF-8' encoding to copy filtered resources.
2022-12-08 01:47:17,818 [Worker-6: Building] INFO  o.e.m.c.i.embedder.EclipseLogger - skip non existing resourceDirectory S:\Escritorio\Serj\DAW\DAW 1\Programacion\ProgramacionExamen2\src\test\resources
2022-12-08 01:47:18,832 [Worker-5: Building] INFO  o.e.m.c.i.embedder.EclipseLogger - Using 'UTF-8' encoding to copy filtered resources.
2022-12-08 01:47:18,832 [Worker-5: Building] INFO  o.e.m.c.i.embedder.EclipseLogger - skip non existing resourceDirectory S:\Escritorio\Serj\DAW\DAW 1\Programacion\ProgramacionExamen2\src\main\resources
2022-12-08 01:47:18,836 [Worker-5: Building] INFO  o.e.m.c.i.embedder.EclipseLogger - Using 'UTF-8' encoding to copy filtered resources.
2022-12-08 01:47:18,836 [Worker-5: Building] INFO  o.e.m.c.i.embedder.EclipseLogger - skip non existing resourceDirectory S:\Escritorio\Serj\DAW\DAW 1\Programacion\ProgramacionExamen2\src\test\resources
2022-12-08 01:47:23,513 [Worker-7: Building] INFO  o.e.m.c.i.embedder.EclipseLogger - Using 'UTF-8' encoding to copy filtered resources.
2022-12-08 01:47:23,513 [Worker-7: Building] INFO  o.e.m.c.i.embedder.EclipseLogger - skip non existing resourceDirectory S:\Escritorio\Serj\DAW\DAW 1\Programacion\ProgramacionExamen2\src\main\resources
2022-12-08 01:47:23,515 [Worker-7: Building] INFO  o.e.m.c.i.embedder.EclipseLogger - Using 'UTF-8' encoding to copy filtered resources.
2022-12-08 01:47:23,516 [Worker-7: Building] INFO  o.e.m.c.i.embedder.EclipseLogger - skip non existing resourceDirectory S:\Escritorio\Serj\DAW\DAW 1\Programacion\ProgramacionExamen2\src\test\resources
2022-12-08 01:48:25,627 [Worker-2: Loading available Gradle versions] INFO  o.e.b.c.i.u.g.PublishedGradleVersions - Gradle version information cache is up-to-date. Trying to read.
